<?xml version="1.0" encoding="UTF-8"?>
<!-- Generated by org.testng.reporters.JUnitReportReporter -->
<testsuite hostname="ATMECSINDT-006" failures="0" tests="1" name="com.atmecs.atmecstask.testscript.Homepage" time="66.240" errors="0" timestamp="03 Oct 2019 14:58:03 GMT" skipped="0">
  <testcase classname="com.atmecs.atmecstask.testscript.Homepage" name="home" time="66.240"/>
</testsuite> <!-- com.atmecs.atmecstask.testscript.Homepage -->
